Analysis & Synthesis report for one_adder_approximate
Wed Nov  6 22:27:30 2019
Quartus Prime Version 18.1.0 Build 625 09/12/2018 SJ Standard Edition


---------------------
; Table of Contents ;
---------------------
  1. Legal Notice
  2. Analysis & Synthesis Summary
  3. Analysis & Synthesis Settings
  4. Parallel Compilation
  5. Analysis & Synthesis Source Files Read
  6. Analysis & Synthesis Resource Usage Summary
  7. Analysis & Synthesis Resource Utilization by Entity
  8. General Register Statistics
  9. Post-Synthesis Netlist Statistics for Top Partition
 10. Elapsed Time Per Partition
 11. Analysis & Synthesis Messages



----------------
; Legal Notice ;
----------------
Copyright (C) 2018  Intel Corporation. All rights reserved.
Your use of Intel Corporation's design tools, logic functions 
and other software and tools, and its AMPP partner logic 
functions, and any output files from any of the foregoing 
(including device programming or simulation files), and any 
associated documentation or information are expressly subject 
to the terms and conditions of the Intel Program License 
Subscription Agreement, the Intel Quartus Prime License Agreement,
the Intel FPGA IP License Agreement, or other applicable license
agreement, including, without limitation, that your use is for
the sole purpose of programming logic devices manufactured by
Intel and sold by Intel or its authorized distributors.  Please
refer to the applicable agreement for further details.



+--------------------------------------------------------------------------------------+
; Analysis & Synthesis Summary                                                         ;
+------------------------------------+-------------------------------------------------+
; Analysis & Synthesis Status        ; Successful - Wed Nov  6 22:27:30 2019           ;
; Quartus Prime Version              ; 18.1.0 Build 625 09/12/2018 SJ Standard Edition ;
; Revision Name                      ; one_adder_approximate                           ;
; Top-level Entity Name              ; one_approx_eight_bit_wallace_tree_top           ;
; Family                             ; Cyclone IV E                                    ;
; Total logic elements               ; 142                                             ;
;     Total combinational functions  ; 126                                             ;
;     Dedicated logic registers      ; 32                                              ;
; Total registers                    ; 32                                              ;
; Total pins                         ; 33                                              ;
; Total virtual pins                 ; 0                                               ;
; Total memory bits                  ; 0                                               ;
; Embedded Multiplier 9-bit elements ; 0                                               ;
; Total PLLs                         ; 0                                               ;
+------------------------------------+-------------------------------------------------+


+----------------------------------------------------------------------------------------------------------------------------------+
; Analysis & Synthesis Settings                                                                                                    ;
+------------------------------------------------------------------+---------------------------------------+-----------------------+
; Option                                                           ; Setting                               ; Default Value         ;
+------------------------------------------------------------------+---------------------------------------+-----------------------+
; Device                                                           ; EP4CE115F29C7                         ;                       ;
; Top-level entity name                                            ; one_approx_eight_bit_wallace_tree_top ; one_adder_approximate ;
; Family name                                                      ; Cyclone IV E                          ; Cyclone V             ;
; Use smart compilation                                            ; Off                                   ; Off                   ;
; Enable parallel Assembler and Timing Analyzer during compilation ; On                                    ; On                    ;
; Enable compact report table                                      ; Off                                   ; Off                   ;
; Restructure Multiplexers                                         ; Auto                                  ; Auto                  ;
; Create Debugging Nodes for IP Cores                              ; Off                                   ; Off                   ;
; Preserve fewer node names                                        ; On                                    ; On                    ;
; Intel FPGA IP Evaluation Mode                                    ; Enable                                ; Enable                ;
; Verilog Version                                                  ; Verilog_2001                          ; Verilog_2001          ;
; VHDL Version                                                     ; VHDL_1993                             ; VHDL_1993             ;
; State Machine Processing                                         ; Auto                                  ; Auto                  ;
; Safe State Machine                                               ; Off                                   ; Off                   ;
; Extract Verilog State Machines                                   ; On                                    ; On                    ;
; Extract VHDL State Machines                                      ; On                                    ; On                    ;
; Ignore Verilog initial constructs                                ; Off                                   ; Off                   ;
; Iteration limit for constant Verilog loops                       ; 5000                                  ; 5000                  ;
; Iteration limit for non-constant Verilog loops                   ; 250                                   ; 250                   ;
; Add Pass-Through Logic to Inferred RAMs                          ; On                                    ; On                    ;
; Infer RAMs from Raw Logic                                        ; On                                    ; On                    ;
; Parallel Synthesis                                               ; On                                    ; On                    ;
; DSP Block Balancing                                              ; Auto                                  ; Auto                  ;
; NOT Gate Push-Back                                               ; On                                    ; On                    ;
; Power-Up Don't Care                                              ; On                                    ; On                    ;
; Remove Redundant Logic Cells                                     ; Off                                   ; Off                   ;
; Remove Duplicate Registers                                       ; On                                    ; On                    ;
; Ignore CARRY Buffers                                             ; Off                                   ; Off                   ;
; Ignore CASCADE Buffers                                           ; Off                                   ; Off                   ;
; Ignore GLOBAL Buffers                                            ; Off                                   ; Off                   ;
; Ignore ROW GLOBAL Buffers                                        ; Off                                   ; Off                   ;
; Ignore LCELL Buffers                                             ; Off                                   ; Off                   ;
; Ignore SOFT Buffers                                              ; On                                    ; On                    ;
; Limit AHDL Integers to 32 Bits                                   ; Off                                   ; Off                   ;
; Optimization Technique                                           ; Balanced                              ; Balanced              ;
; Carry Chain Length                                               ; 70                                    ; 70                    ;
; Auto Carry Chains                                                ; On                                    ; On                    ;
; Auto Open-Drain Pins                                             ; On                                    ; On                    ;
; Perform WYSIWYG Primitive Resynthesis                            ; Off                                   ; Off                   ;
; Auto ROM Replacement                                             ; On                                    ; On                    ;
; Auto RAM Replacement                                             ; On                                    ; On                    ;
; Auto DSP Block Replacement                                       ; On                                    ; On                    ;
; Auto Shift Register Replacement                                  ; Auto                                  ; Auto                  ;
; Allow Shift Register Merging across Hierarchies                  ; Auto                                  ; Auto                  ;
; Auto Clock Enable Replacement                                    ; On                                    ; On                    ;
; Strict RAM Replacement                                           ; Off                                   ; Off                   ;
; Allow Synchronous Control Signals                                ; On                                    ; On                    ;
; Force Use of Synchronous Clear Signals                           ; Off                                   ; Off                   ;
; Auto RAM Block Balancing                                         ; On                                    ; On                    ;
; Auto RAM to Logic Cell Conversion                                ; Off                                   ; Off                   ;
; Auto Resource Sharing                                            ; Off                                   ; Off                   ;
; Allow Any RAM Size For Recognition                               ; Off                                   ; Off                   ;
; Allow Any ROM Size For Recognition                               ; Off                                   ; Off                   ;
; Allow Any Shift Register Size For Recognition                    ; Off                                   ; Off                   ;
; Use LogicLock Constraints during Resource Balancing              ; On                                    ; On                    ;
; Ignore translate_off and synthesis_off directives                ; Off                                   ; Off                   ;
; Timing-Driven Synthesis                                          ; On                                    ; On                    ;
; Report Parameter Settings                                        ; On                                    ; On                    ;
; Report Source Assignments                                        ; On                                    ; On                    ;
; Report Connectivity Checks                                       ; On                                    ; On                    ;
; Ignore Maximum Fan-Out Assignments                               ; Off                                   ; Off                   ;
; Synchronization Register Chain Length                            ; 2                                     ; 2                     ;
; Power Optimization During Synthesis                              ; Normal compilation                    ; Normal compilation    ;
; HDL message level                                                ; Level2                                ; Level2                ;
; Suppress Register Optimization Related Messages                  ; Off                                   ; Off                   ;
; Number of Removed Registers Reported in Synthesis Report         ; 5000                                  ; 5000                  ;
; Number of Swept Nodes Reported in Synthesis Report               ; 5000                                  ; 5000                  ;
; Number of Inverted Registers Reported in Synthesis Report        ; 100                                   ; 100                   ;
; Clock MUX Protection                                             ; On                                    ; On                    ;
; Auto Gated Clock Conversion                                      ; Off                                   ; Off                   ;
; Block Design Naming                                              ; Auto                                  ; Auto                  ;
; SDC constraint protection                                        ; Off                                   ; Off                   ;
; Synthesis Effort                                                 ; Auto                                  ; Auto                  ;
; Shift Register Replacement - Allow Asynchronous Clear Signal     ; On                                    ; On                    ;
; Pre-Mapping Resynthesis Optimization                             ; Off                                   ; Off                   ;
; Analysis & Synthesis Message Level                               ; Medium                                ; Medium                ;
; Disable Register Merging Across Hierarchies                      ; Auto                                  ; Auto                  ;
; Resource Aware Inference For Block RAM                           ; On                                    ; On                    ;
+------------------------------------------------------------------+---------------------------------------+-----------------------+


+------------------------------------------+
; Parallel Compilation                     ;
+----------------------------+-------------+
; Processors                 ; Number      ;
+----------------------------+-------------+
; Number detected on machine ; 4           ;
; Maximum allowed            ; 2           ;
;                            ;             ;
; Average used               ; 1.00        ;
; Maximum used               ; 2           ;
;                            ;             ;
; Usage by Processor         ; % Time Used ;
;     Processor 1            ; 100.0%      ;
;     Processor 2            ;   0.0%      ;
+----------------------------+-------------+


+-----------------------------------------------------------------------------------------------------------------------------------------------------------------------------------------------------------------------------------------------------+
; Analysis & Synthesis Source Files Read                                                                                                                                                                                                              ;
+-----------------------------------------------+-----------------+------------------------+------------------------------------------------------------------------------------------------------------------------------------------------+---------+
; File Name with User-Entered Path              ; Used in Netlist ; File Type              ; File Name with Absolute Path                                                                                                                   ; Library ;
+-----------------------------------------------+-----------------+------------------------+------------------------------------------------------------------------------------------------------------------------------------------------+---------+
; one_approx_eight_bit_wallace_tree_top.v       ; yes             ; User Verilog HDL File  ; /home/tck290/engr-ece/CME433_lit_review/approximate_eight_bit_wallace_tree/one_adder_approximate/one_approx_eight_bit_wallace_tree_top.v       ;         ;
; eight_bit_wallace_tree_reduc_layer_3.v        ; yes             ; User Verilog HDL File  ; /home/tck290/engr-ece/CME433_lit_review/approximate_eight_bit_wallace_tree/one_adder_approximate/eight_bit_wallace_tree_reduc_layer_3.v        ;         ;
; eight_bit_wallace_tree_reduc_layer_7.v        ; yes             ; User Verilog HDL File  ; /home/tck290/engr-ece/CME433_lit_review/approximate_eight_bit_wallace_tree/one_adder_approximate/eight_bit_wallace_tree_reduc_layer_7.v        ;         ;
; eight_bit_wallace_tree_reduc_layer_2.v        ; yes             ; User Verilog HDL File  ; /home/tck290/engr-ece/CME433_lit_review/approximate_eight_bit_wallace_tree/one_adder_approximate/eight_bit_wallace_tree_reduc_layer_2.v        ;         ;
; approximate_full_adder.v                      ; yes             ; User Verilog HDL File  ; /home/tck290/engr-ece/CME433_lit_review/approximate_eight_bit_wallace_tree/one_adder_approximate/approximate_full_adder.v                      ;         ;
; approx_eight_bit_wallace_tree_reduc_layer_1.v ; yes             ; User Verilog HDL File  ; /home/tck290/engr-ece/CME433_lit_review/approximate_eight_bit_wallace_tree/one_adder_approximate/approx_eight_bit_wallace_tree_reduc_layer_1.v ;         ;
; eight_bit_wallace_tree_reduc_layer_4.v        ; yes             ; User Verilog HDL File  ; /home/tck290/engr-ece/CME433_lit_review/approximate_eight_bit_wallace_tree/one_adder_approximate/eight_bit_wallace_tree_reduc_layer_4.v        ;         ;
; one_bit_full_adder.v                          ; yes             ; User Verilog HDL File  ; /home/tck290/engr-ece/CME433_lit_review/approximate_eight_bit_wallace_tree/one_adder_approximate/one_bit_full_adder.v                          ;         ;
; one_bit_half_adder.v                          ; yes             ; User Verilog HDL File  ; /home/tck290/engr-ece/CME433_lit_review/approximate_eight_bit_wallace_tree/one_adder_approximate/one_bit_half_adder.v                          ;         ;
; eight_bit_wallace_tree_reduc_layer_5.v        ; yes             ; User Verilog HDL File  ; /home/tck290/engr-ece/CME433_lit_review/approximate_eight_bit_wallace_tree/one_adder_approximate/eight_bit_wallace_tree_reduc_layer_5.v        ;         ;
; eight_bit_wallace_tree_reduc_layer_6.v        ; yes             ; User Verilog HDL File  ; /home/tck290/engr-ece/CME433_lit_review/approximate_eight_bit_wallace_tree/one_adder_approximate/eight_bit_wallace_tree_reduc_layer_6.v        ;         ;
+-----------------------------------------------+-----------------+------------------------+------------------------------------------------------------------------------------------------------------------------------------------------+---------+


+---------------------------------------------------------+
; Analysis & Synthesis Resource Usage Summary             ;
+---------------------------------------------+-----------+
; Resource                                    ; Usage     ;
+---------------------------------------------+-----------+
; Estimated Total logic elements              ; 142       ;
;                                             ;           ;
; Total combinational functions               ; 126       ;
; Logic element usage by number of LUT inputs ;           ;
;     -- 4 input functions                    ; 100       ;
;     -- 3 input functions                    ; 5         ;
;     -- <=2 input functions                  ; 21        ;
;                                             ;           ;
; Logic elements by mode                      ;           ;
;     -- normal mode                          ; 126       ;
;     -- arithmetic mode                      ; 0         ;
;                                             ;           ;
; Total registers                             ; 32        ;
;     -- Dedicated logic registers            ; 32        ;
;     -- I/O registers                        ; 0         ;
;                                             ;           ;
; I/O pins                                    ; 33        ;
;                                             ;           ;
; Embedded Multiplier 9-bit elements          ; 0         ;
;                                             ;           ;
; Maximum fan-out node                        ; clk~input ;
; Maximum fan-out                             ; 32        ;
; Total fan-out                               ; 570       ;
; Average fan-out                             ; 2.54      ;
+---------------------------------------------+-----------+


+---------------------------------------------------------------------------------------------------------------------------------------------------------------------------------------------------------------------------------------------------------------------------------------------------------------------------------------------------------------------------------+
; Analysis & Synthesis Resource Utilization by Entity                                                                                                                                                                                                                                                                                                                             ;
+---------------------------------------------------------+---------------------+---------------------------+-------------+--------------+---------+-----------+------+--------------+---------------------------------------------------------------------------------------------------------------------------+-------------------------------------------------+--------------+
; Compilation Hierarchy Node                              ; Combinational ALUTs ; Dedicated Logic Registers ; Memory Bits ; DSP Elements ; DSP 9x9 ; DSP 18x18 ; Pins ; Virtual Pins ; Full Hierarchy Name                                                                                                       ; Entity Name                                     ; Library Name ;
+---------------------------------------------------------+---------------------+---------------------------+-------------+--------------+---------+-----------+------+--------------+---------------------------------------------------------------------------------------------------------------------------+-------------------------------------------------+--------------+
; |one_approx_eight_bit_wallace_tree_top                  ; 126 (0)             ; 32 (32)                   ; 0           ; 0            ; 0       ; 0         ; 33   ; 0            ; |one_approx_eight_bit_wallace_tree_top                                                                                    ; one_approx_eight_bit_wallace_tree_top           ; work         ;
;    |eight_bit_wallace_tree_reduc_layer_2:L2|            ; 24 (1)              ; 0 (0)                     ; 0           ; 0            ; 0       ; 0         ; 0    ; 0            ; |one_approx_eight_bit_wallace_tree_top|eight_bit_wallace_tree_reduc_layer_2:L2                                            ; eight_bit_wallace_tree_reduc_layer_2            ; work         ;
;       |one_bit_full_adder:FA_w1024|                     ; 2 (2)               ; 0 (0)                     ; 0           ; 0            ; 0       ; 0         ; 0    ; 0            ; |one_approx_eight_bit_wallace_tree_top|eight_bit_wallace_tree_reduc_layer_2:L2|one_bit_full_adder:FA_w1024                ; one_bit_full_adder                              ; work         ;
;       |one_bit_full_adder:FA_w128|                      ; 2 (2)               ; 0 (0)                     ; 0           ; 0            ; 0       ; 0         ; 0    ; 0            ; |one_approx_eight_bit_wallace_tree_top|eight_bit_wallace_tree_reduc_layer_2:L2|one_bit_full_adder:FA_w128                 ; one_bit_full_adder                              ; work         ;
;       |one_bit_full_adder:FA_w16|                       ; 2 (2)               ; 0 (0)                     ; 0           ; 0            ; 0       ; 0         ; 0    ; 0            ; |one_approx_eight_bit_wallace_tree_top|eight_bit_wallace_tree_reduc_layer_2:L2|one_bit_full_adder:FA_w16                  ; one_bit_full_adder                              ; work         ;
;       |one_bit_full_adder:FA_w2048|                     ; 2 (2)               ; 0 (0)                     ; 0           ; 0            ; 0       ; 0         ; 0    ; 0            ; |one_approx_eight_bit_wallace_tree_top|eight_bit_wallace_tree_reduc_layer_2:L2|one_bit_full_adder:FA_w2048                ; one_bit_full_adder                              ; work         ;
;       |one_bit_full_adder:FA_w256|                      ; 2 (2)               ; 0 (0)                     ; 0           ; 0            ; 0       ; 0         ; 0    ; 0            ; |one_approx_eight_bit_wallace_tree_top|eight_bit_wallace_tree_reduc_layer_2:L2|one_bit_full_adder:FA_w256                 ; one_bit_full_adder                              ; work         ;
;       |one_bit_full_adder:FA_w32|                       ; 2 (2)               ; 0 (0)                     ; 0           ; 0            ; 0       ; 0         ; 0    ; 0            ; |one_approx_eight_bit_wallace_tree_top|eight_bit_wallace_tree_reduc_layer_2:L2|one_bit_full_adder:FA_w32                  ; one_bit_full_adder                              ; work         ;
;       |one_bit_full_adder:FA_w4096|                     ; 2 (2)               ; 0 (0)                     ; 0           ; 0            ; 0       ; 0         ; 0    ; 0            ; |one_approx_eight_bit_wallace_tree_top|eight_bit_wallace_tree_reduc_layer_2:L2|one_bit_full_adder:FA_w4096                ; one_bit_full_adder                              ; work         ;
;       |one_bit_full_adder:FA_w512|                      ; 2 (2)               ; 0 (0)                     ; 0           ; 0            ; 0       ; 0         ; 0    ; 0            ; |one_approx_eight_bit_wallace_tree_top|eight_bit_wallace_tree_reduc_layer_2:L2|one_bit_full_adder:FA_w512                 ; one_bit_full_adder                              ; work         ;
;       |one_bit_full_adder:FA_w64|                       ; 2 (2)               ; 0 (0)                     ; 0           ; 0            ; 0       ; 0         ; 0    ; 0            ; |one_approx_eight_bit_wallace_tree_top|eight_bit_wallace_tree_reduc_layer_2:L2|one_bit_full_adder:FA_w64                  ; one_bit_full_adder                              ; work         ;
;       |one_bit_full_adder:FA_w8192|                     ; 2 (2)               ; 0 (0)                     ; 0           ; 0            ; 0       ; 0         ; 0    ; 0            ; |one_approx_eight_bit_wallace_tree_top|eight_bit_wallace_tree_reduc_layer_2:L2|one_bit_full_adder:FA_w8192                ; one_bit_full_adder                              ; work         ;
;       |one_bit_full_adder:FA_w8|                        ; 1 (1)               ; 0 (0)                     ; 0           ; 0            ; 0       ; 0         ; 0    ; 0            ; |one_approx_eight_bit_wallace_tree_top|eight_bit_wallace_tree_reduc_layer_2:L2|one_bit_full_adder:FA_w8                   ; one_bit_full_adder                              ; work         ;
;       |one_bit_half_adder:HA_w4|                        ; 2 (2)               ; 0 (0)                     ; 0           ; 0            ; 0       ; 0         ; 0    ; 0            ; |one_approx_eight_bit_wallace_tree_top|eight_bit_wallace_tree_reduc_layer_2:L2|one_bit_half_adder:HA_w4                   ; one_bit_half_adder                              ; work         ;
;    |eight_bit_wallace_tree_reduc_layer_3:L3|            ; 21 (2)              ; 0 (0)                     ; 0           ; 0            ; 0       ; 0         ; 0    ; 0            ; |one_approx_eight_bit_wallace_tree_top|eight_bit_wallace_tree_reduc_layer_3:L3                                            ; eight_bit_wallace_tree_reduc_layer_3            ; work         ;
;       |one_bit_full_adder:FA_w1024|                     ; 2 (2)               ; 0 (0)                     ; 0           ; 0            ; 0       ; 0         ; 0    ; 0            ; |one_approx_eight_bit_wallace_tree_top|eight_bit_wallace_tree_reduc_layer_3:L3|one_bit_full_adder:FA_w1024                ; one_bit_full_adder                              ; work         ;
;       |one_bit_full_adder:FA_w128|                      ; 2 (2)               ; 0 (0)                     ; 0           ; 0            ; 0       ; 0         ; 0    ; 0            ; |one_approx_eight_bit_wallace_tree_top|eight_bit_wallace_tree_reduc_layer_3:L3|one_bit_full_adder:FA_w128                 ; one_bit_full_adder                              ; work         ;
;       |one_bit_full_adder:FA_w16|                       ; 1 (1)               ; 0 (0)                     ; 0           ; 0            ; 0       ; 0         ; 0    ; 0            ; |one_approx_eight_bit_wallace_tree_top|eight_bit_wallace_tree_reduc_layer_3:L3|one_bit_full_adder:FA_w16                  ; one_bit_full_adder                              ; work         ;
;       |one_bit_full_adder:FA_w2048|                     ; 2 (2)               ; 0 (0)                     ; 0           ; 0            ; 0       ; 0         ; 0    ; 0            ; |one_approx_eight_bit_wallace_tree_top|eight_bit_wallace_tree_reduc_layer_3:L3|one_bit_full_adder:FA_w2048                ; one_bit_full_adder                              ; work         ;
;       |one_bit_full_adder:FA_w256|                      ; 2 (2)               ; 0 (0)                     ; 0           ; 0            ; 0       ; 0         ; 0    ; 0            ; |one_approx_eight_bit_wallace_tree_top|eight_bit_wallace_tree_reduc_layer_3:L3|one_bit_full_adder:FA_w256                 ; one_bit_full_adder                              ; work         ;
;       |one_bit_full_adder:FA_w32|                       ; 2 (2)               ; 0 (0)                     ; 0           ; 0            ; 0       ; 0         ; 0    ; 0            ; |one_approx_eight_bit_wallace_tree_top|eight_bit_wallace_tree_reduc_layer_3:L3|one_bit_full_adder:FA_w32                  ; one_bit_full_adder                              ; work         ;
;       |one_bit_full_adder:FA_w4096|                     ; 2 (2)               ; 0 (0)                     ; 0           ; 0            ; 0       ; 0         ; 0    ; 0            ; |one_approx_eight_bit_wallace_tree_top|eight_bit_wallace_tree_reduc_layer_3:L3|one_bit_full_adder:FA_w4096                ; one_bit_full_adder                              ; work         ;
;       |one_bit_full_adder:FA_w512|                      ; 2 (2)               ; 0 (0)                     ; 0           ; 0            ; 0       ; 0         ; 0    ; 0            ; |one_approx_eight_bit_wallace_tree_top|eight_bit_wallace_tree_reduc_layer_3:L3|one_bit_full_adder:FA_w512                 ; one_bit_full_adder                              ; work         ;
;       |one_bit_full_adder:FA_w64|                       ; 2 (2)               ; 0 (0)                     ; 0           ; 0            ; 0       ; 0         ; 0    ; 0            ; |one_approx_eight_bit_wallace_tree_top|eight_bit_wallace_tree_reduc_layer_3:L3|one_bit_full_adder:FA_w64                  ; one_bit_full_adder                              ; work         ;
;       |one_bit_half_adder:HA_w8|                        ; 2 (2)               ; 0 (0)                     ; 0           ; 0            ; 0       ; 0         ; 0    ; 0            ; |one_approx_eight_bit_wallace_tree_top|eight_bit_wallace_tree_reduc_layer_3:L3|one_bit_half_adder:HA_w8                   ; one_bit_half_adder                              ; work         ;
;    |eight_bit_wallace_tree_reduc_layer_4:L4|            ; 17 (2)              ; 0 (0)                     ; 0           ; 0            ; 0       ; 0         ; 0    ; 0            ; |one_approx_eight_bit_wallace_tree_top|eight_bit_wallace_tree_reduc_layer_4:L4                                            ; eight_bit_wallace_tree_reduc_layer_4            ; work         ;
;       |one_bit_full_adder:FA_w1024|                     ; 2 (2)               ; 0 (0)                     ; 0           ; 0            ; 0       ; 0         ; 0    ; 0            ; |one_approx_eight_bit_wallace_tree_top|eight_bit_wallace_tree_reduc_layer_4:L4|one_bit_full_adder:FA_w1024                ; one_bit_full_adder                              ; work         ;
;       |one_bit_full_adder:FA_w128|                      ; 2 (2)               ; 0 (0)                     ; 0           ; 0            ; 0       ; 0         ; 0    ; 0            ; |one_approx_eight_bit_wallace_tree_top|eight_bit_wallace_tree_reduc_layer_4:L4|one_bit_full_adder:FA_w128                 ; one_bit_full_adder                              ; work         ;
;       |one_bit_full_adder:FA_w2048|                     ; 2 (2)               ; 0 (0)                     ; 0           ; 0            ; 0       ; 0         ; 0    ; 0            ; |one_approx_eight_bit_wallace_tree_top|eight_bit_wallace_tree_reduc_layer_4:L4|one_bit_full_adder:FA_w2048                ; one_bit_full_adder                              ; work         ;
;       |one_bit_full_adder:FA_w256|                      ; 2 (2)               ; 0 (0)                     ; 0           ; 0            ; 0       ; 0         ; 0    ; 0            ; |one_approx_eight_bit_wallace_tree_top|eight_bit_wallace_tree_reduc_layer_4:L4|one_bit_full_adder:FA_w256                 ; one_bit_full_adder                              ; work         ;
;       |one_bit_full_adder:FA_w32|                       ; 1 (1)               ; 0 (0)                     ; 0           ; 0            ; 0       ; 0         ; 0    ; 0            ; |one_approx_eight_bit_wallace_tree_top|eight_bit_wallace_tree_reduc_layer_4:L4|one_bit_full_adder:FA_w32                  ; one_bit_full_adder                              ; work         ;
;       |one_bit_full_adder:FA_w512|                      ; 2 (2)               ; 0 (0)                     ; 0           ; 0            ; 0       ; 0         ; 0    ; 0            ; |one_approx_eight_bit_wallace_tree_top|eight_bit_wallace_tree_reduc_layer_4:L4|one_bit_full_adder:FA_w512                 ; one_bit_full_adder                              ; work         ;
;       |one_bit_full_adder:FA_w64|                       ; 2 (2)               ; 0 (0)                     ; 0           ; 0            ; 0       ; 0         ; 0    ; 0            ; |one_approx_eight_bit_wallace_tree_top|eight_bit_wallace_tree_reduc_layer_4:L4|one_bit_full_adder:FA_w64                  ; one_bit_full_adder                              ; work         ;
;       |one_bit_half_adder:HA_w16|                       ; 2 (2)               ; 0 (0)                     ; 0           ; 0            ; 0       ; 0         ; 0    ; 0            ; |one_approx_eight_bit_wallace_tree_top|eight_bit_wallace_tree_reduc_layer_4:L4|one_bit_half_adder:HA_w16                  ; one_bit_half_adder                              ; work         ;
;    |eight_bit_wallace_tree_reduc_layer_5:L5|            ; 13 (2)              ; 0 (0)                     ; 0           ; 0            ; 0       ; 0         ; 0    ; 0            ; |one_approx_eight_bit_wallace_tree_top|eight_bit_wallace_tree_reduc_layer_5:L5                                            ; eight_bit_wallace_tree_reduc_layer_5            ; work         ;
;       |one_bit_full_adder:FA_w1024|                     ; 2 (2)               ; 0 (0)                     ; 0           ; 0            ; 0       ; 0         ; 0    ; 0            ; |one_approx_eight_bit_wallace_tree_top|eight_bit_wallace_tree_reduc_layer_5:L5|one_bit_full_adder:FA_w1024                ; one_bit_full_adder                              ; work         ;
;       |one_bit_full_adder:FA_w128|                      ; 2 (2)               ; 0 (0)                     ; 0           ; 0            ; 0       ; 0         ; 0    ; 0            ; |one_approx_eight_bit_wallace_tree_top|eight_bit_wallace_tree_reduc_layer_5:L5|one_bit_full_adder:FA_w128                 ; one_bit_full_adder                              ; work         ;
;       |one_bit_full_adder:FA_w256|                      ; 2 (2)               ; 0 (0)                     ; 0           ; 0            ; 0       ; 0         ; 0    ; 0            ; |one_approx_eight_bit_wallace_tree_top|eight_bit_wallace_tree_reduc_layer_5:L5|one_bit_full_adder:FA_w256                 ; one_bit_full_adder                              ; work         ;
;       |one_bit_full_adder:FA_w512|                      ; 2 (2)               ; 0 (0)                     ; 0           ; 0            ; 0       ; 0         ; 0    ; 0            ; |one_approx_eight_bit_wallace_tree_top|eight_bit_wallace_tree_reduc_layer_5:L5|one_bit_full_adder:FA_w512                 ; one_bit_full_adder                              ; work         ;
;       |one_bit_full_adder:FA_w64|                       ; 1 (1)               ; 0 (0)                     ; 0           ; 0            ; 0       ; 0         ; 0    ; 0            ; |one_approx_eight_bit_wallace_tree_top|eight_bit_wallace_tree_reduc_layer_5:L5|one_bit_full_adder:FA_w64                  ; one_bit_full_adder                              ; work         ;
;       |one_bit_half_adder:HA_w32|                       ; 2 (2)               ; 0 (0)                     ; 0           ; 0            ; 0       ; 0         ; 0    ; 0            ; |one_approx_eight_bit_wallace_tree_top|eight_bit_wallace_tree_reduc_layer_5:L5|one_bit_half_adder:HA_w32                  ; one_bit_half_adder                              ; work         ;
;    |eight_bit_wallace_tree_reduc_layer_6:L6|            ; 9 (1)               ; 0 (0)                     ; 0           ; 0            ; 0       ; 0         ; 0    ; 0            ; |one_approx_eight_bit_wallace_tree_top|eight_bit_wallace_tree_reduc_layer_6:L6                                            ; eight_bit_wallace_tree_reduc_layer_6            ; work         ;
;       |one_bit_full_adder:FA_w128|                      ; 2 (2)               ; 0 (0)                     ; 0           ; 0            ; 0       ; 0         ; 0    ; 0            ; |one_approx_eight_bit_wallace_tree_top|eight_bit_wallace_tree_reduc_layer_6:L6|one_bit_full_adder:FA_w128                 ; one_bit_full_adder                              ; work         ;
;       |one_bit_full_adder:FA_w256|                      ; 2 (2)               ; 0 (0)                     ; 0           ; 0            ; 0       ; 0         ; 0    ; 0            ; |one_approx_eight_bit_wallace_tree_top|eight_bit_wallace_tree_reduc_layer_6:L6|one_bit_full_adder:FA_w256                 ; one_bit_full_adder                              ; work         ;
;       |one_bit_full_adder:FA_w512|                      ; 2 (2)               ; 0 (0)                     ; 0           ; 0            ; 0       ; 0         ; 0    ; 0            ; |one_approx_eight_bit_wallace_tree_top|eight_bit_wallace_tree_reduc_layer_6:L6|one_bit_full_adder:FA_w512                 ; one_bit_full_adder                              ; work         ;
;       |one_bit_half_adder:HA_w64|                       ; 2 (2)               ; 0 (0)                     ; 0           ; 0            ; 0       ; 0         ; 0    ; 0            ; |one_approx_eight_bit_wallace_tree_top|eight_bit_wallace_tree_reduc_layer_6:L6|one_bit_half_adder:HA_w64                  ; one_bit_half_adder                              ; work         ;
;    |eight_bit_wallace_tree_reduc_layer_7:L7|            ; 3 (0)               ; 0 (0)                     ; 0           ; 0            ; 0       ; 0         ; 0    ; 0            ; |one_approx_eight_bit_wallace_tree_top|eight_bit_wallace_tree_reduc_layer_7:L7                                            ; eight_bit_wallace_tree_reduc_layer_7            ; work         ;
;       |one_bit_half_adder:HA_w128|                      ; 1 (1)               ; 0 (0)                     ; 0           ; 0            ; 0       ; 0         ; 0    ; 0            ; |one_approx_eight_bit_wallace_tree_top|eight_bit_wallace_tree_reduc_layer_7:L7|one_bit_half_adder:HA_w128                 ; one_bit_half_adder                              ; work         ;
;       |one_bit_half_adder:HA_w256|                      ; 2 (2)               ; 0 (0)                     ; 0           ; 0            ; 0       ; 0         ; 0    ; 0            ; |one_approx_eight_bit_wallace_tree_top|eight_bit_wallace_tree_reduc_layer_7:L7|one_bit_half_adder:HA_w256                 ; one_bit_half_adder                              ; work         ;
;    |one_approx_eight_bit_wallace_tree_reduc_layer_1:L1| ; 39 (11)             ; 0 (0)                     ; 0           ; 0            ; 0       ; 0         ; 0    ; 0            ; |one_approx_eight_bit_wallace_tree_top|one_approx_eight_bit_wallace_tree_reduc_layer_1:L1                                 ; one_approx_eight_bit_wallace_tree_reduc_layer_1 ; work         ;
;       |approximate_full_adder:FA_w2048|                 ; 3 (3)               ; 0 (0)                     ; 0           ; 0            ; 0       ; 0         ; 0    ; 0            ; |one_approx_eight_bit_wallace_tree_top|one_approx_eight_bit_wallace_tree_reduc_layer_1:L1|approximate_full_adder:FA_w2048 ; approximate_full_adder                          ; work         ;
;       |approximate_full_adder:FA_w4|                    ; 1 (1)               ; 0 (0)                     ; 0           ; 0            ; 0       ; 0         ; 0    ; 0            ; |one_approx_eight_bit_wallace_tree_top|one_approx_eight_bit_wallace_tree_reduc_layer_1:L1|approximate_full_adder:FA_w4    ; approximate_full_adder                          ; work         ;
;       |one_bit_full_adder:FA_w1024|                     ; 2 (2)               ; 0 (0)                     ; 0           ; 0            ; 0       ; 0         ; 0    ; 0            ; |one_approx_eight_bit_wallace_tree_top|one_approx_eight_bit_wallace_tree_reduc_layer_1:L1|one_bit_full_adder:FA_w1024     ; one_bit_full_adder                              ; work         ;
;       |one_bit_full_adder:FA_w128|                      ; 2 (2)               ; 0 (0)                     ; 0           ; 0            ; 0       ; 0         ; 0    ; 0            ; |one_approx_eight_bit_wallace_tree_top|one_approx_eight_bit_wallace_tree_reduc_layer_1:L1|one_bit_full_adder:FA_w128      ; one_bit_full_adder                              ; work         ;
;       |one_bit_full_adder:FA_w16385|                    ; 2 (2)               ; 0 (0)                     ; 0           ; 0            ; 0       ; 0         ; 0    ; 0            ; |one_approx_eight_bit_wallace_tree_top|one_approx_eight_bit_wallace_tree_reduc_layer_1:L1|one_bit_full_adder:FA_w16385    ; one_bit_full_adder                              ; work         ;
;       |one_bit_full_adder:FA_w16|                       ; 2 (2)               ; 0 (0)                     ; 0           ; 0            ; 0       ; 0         ; 0    ; 0            ; |one_approx_eight_bit_wallace_tree_top|one_approx_eight_bit_wallace_tree_reduc_layer_1:L1|one_bit_full_adder:FA_w16       ; one_bit_full_adder                              ; work         ;
;       |one_bit_full_adder:FA_w256|                      ; 2 (2)               ; 0 (0)                     ; 0           ; 0            ; 0       ; 0         ; 0    ; 0            ; |one_approx_eight_bit_wallace_tree_top|one_approx_eight_bit_wallace_tree_reduc_layer_1:L1|one_bit_full_adder:FA_w256      ; one_bit_full_adder                              ; work         ;
;       |one_bit_full_adder:FA_w32|                       ; 2 (2)               ; 0 (0)                     ; 0           ; 0            ; 0       ; 0         ; 0    ; 0            ; |one_approx_eight_bit_wallace_tree_top|one_approx_eight_bit_wallace_tree_reduc_layer_1:L1|one_bit_full_adder:FA_w32       ; one_bit_full_adder                              ; work         ;
;       |one_bit_full_adder:FA_w4096|                     ; 2 (2)               ; 0 (0)                     ; 0           ; 0            ; 0       ; 0         ; 0    ; 0            ; |one_approx_eight_bit_wallace_tree_top|one_approx_eight_bit_wallace_tree_reduc_layer_1:L1|one_bit_full_adder:FA_w4096     ; one_bit_full_adder                              ; work         ;
;       |one_bit_full_adder:FA_w512|                      ; 2 (2)               ; 0 (0)                     ; 0           ; 0            ; 0       ; 0         ; 0    ; 0            ; |one_approx_eight_bit_wallace_tree_top|one_approx_eight_bit_wallace_tree_reduc_layer_1:L1|one_bit_full_adder:FA_w512      ; one_bit_full_adder                              ; work         ;
;       |one_bit_full_adder:FA_w64|                       ; 2 (2)               ; 0 (0)                     ; 0           ; 0            ; 0       ; 0         ; 0    ; 0            ; |one_approx_eight_bit_wallace_tree_top|one_approx_eight_bit_wallace_tree_reduc_layer_1:L1|one_bit_full_adder:FA_w64       ; one_bit_full_adder                              ; work         ;
;       |one_bit_full_adder:FA_w8192|                     ; 2 (2)               ; 0 (0)                     ; 0           ; 0            ; 0       ; 0         ; 0    ; 0            ; |one_approx_eight_bit_wallace_tree_top|one_approx_eight_bit_wallace_tree_reduc_layer_1:L1|one_bit_full_adder:FA_w8192     ; one_bit_full_adder                              ; work         ;
;       |one_bit_full_adder:FA_w8|                        ; 2 (2)               ; 0 (0)                     ; 0           ; 0            ; 0       ; 0         ; 0    ; 0            ; |one_approx_eight_bit_wallace_tree_top|one_approx_eight_bit_wallace_tree_reduc_layer_1:L1|one_bit_full_adder:FA_w8        ; one_bit_full_adder                              ; work         ;
;       |one_bit_half_adder:HA_w2|                        ; 2 (2)               ; 0 (0)                     ; 0           ; 0            ; 0       ; 0         ; 0    ; 0            ; |one_approx_eight_bit_wallace_tree_top|one_approx_eight_bit_wallace_tree_reduc_layer_1:L1|one_bit_half_adder:HA_w2        ; one_bit_half_adder                              ; work         ;
+---------------------------------------------------------+---------------------+---------------------------+-------------+--------------+---------+-----------+------+--------------+---------------------------------------------------------------------------------------------------------------------------+-------------------------------------------------+--------------+
Note: For table entries with two numbers listed, the numbers in parentheses indicate the number of resources of the given type used by the specific entity alone. The numbers listed outside of parentheses indicate the total resources of the given type used by the specific entity and all of its sub-entities in the hierarchy.


+------------------------------------------------------+
; General Register Statistics                          ;
+----------------------------------------------+-------+
; Statistic                                    ; Value ;
+----------------------------------------------+-------+
; Total registers                              ; 32    ;
; Number of registers using Synchronous Clear  ; 0     ;
; Number of registers using Synchronous Load   ; 0     ;
; Number of registers using Asynchronous Clear ; 0     ;
; Number of registers using Asynchronous Load  ; 0     ;
; Number of registers using Clock Enable       ; 0     ;
; Number of registers using Preset             ; 0     ;
+----------------------------------------------+-------+


+-----------------------------------------------------+
; Post-Synthesis Netlist Statistics for Top Partition ;
+-----------------------+-----------------------------+
; Type                  ; Count                       ;
+-----------------------+-----------------------------+
; boundary_port         ; 33                          ;
; cycloneiii_ff         ; 32                          ;
;     plain             ; 32                          ;
; cycloneiii_lcell_comb ; 126                         ;
;     normal            ; 126                         ;
;         2 data inputs ; 21                          ;
;         3 data inputs ; 5                           ;
;         4 data inputs ; 100                         ;
;                       ;                             ;
; Max LUT depth         ; 19.00                       ;
; Average LUT depth     ; 13.11                       ;
+-----------------------+-----------------------------+


+-------------------------------+
; Elapsed Time Per Partition    ;
+----------------+--------------+
; Partition Name ; Elapsed Time ;
+----------------+--------------+
; Top            ; 00:00:01     ;
+----------------+--------------+


+-------------------------------+
; Analysis & Synthesis Messages ;
+-------------------------------+
Info: *******************************************************************
Info: Running Quartus Prime Analysis & Synthesis
    Info: Version 18.1.0 Build 625 09/12/2018 SJ Standard Edition
    Info: Processing started: Wed Nov  6 22:27:16 2019
Info: Command: quartus_map --read_settings_files=on --write_settings_files=off one_adder_approximate -c one_adder_approximate
Warning (18236): Number of processors has not been specified which may cause overloading on shared machines.  Set the global assignment NUM_PARALLEL_PROCESSORS in your QSF to an appropriate value for best performance.
Info (20030): Parallel compilation is enabled and will use 2 of the 2 processors detected
Info (12021): Found 1 design units, including 1 entities, in source file one_approx_eight_bit_wallace_tree_top.v
    Info (12023): Found entity 1: one_approx_eight_bit_wallace_tree_top File: /home/tck290/engr-ece/CME433_lit_review/approximate_eight_bit_wallace_tree/one_adder_approximate/one_approx_eight_bit_wallace_tree_top.v Line: 1
Info (12021): Found 1 design units, including 1 entities, in source file eight_bit_wallace_tree_reduc_layer_3.v
    Info (12023): Found entity 1: eight_bit_wallace_tree_reduc_layer_3 File: /home/tck290/engr-ece/CME433_lit_review/approximate_eight_bit_wallace_tree/one_adder_approximate/eight_bit_wallace_tree_reduc_layer_3.v Line: 1
Info (12021): Found 1 design units, including 1 entities, in source file eight_bit_wallace_tree_reduc_layer_7.v
    Info (12023): Found entity 1: eight_bit_wallace_tree_reduc_layer_7 File: /home/tck290/engr-ece/CME433_lit_review/approximate_eight_bit_wallace_tree/one_adder_approximate/eight_bit_wallace_tree_reduc_layer_7.v Line: 1
Info (12021): Found 1 design units, including 1 entities, in source file eight_bit_wallace_tree_reduc_layer_2.v
    Info (12023): Found entity 1: eight_bit_wallace_tree_reduc_layer_2 File: /home/tck290/engr-ece/CME433_lit_review/approximate_eight_bit_wallace_tree/one_adder_approximate/eight_bit_wallace_tree_reduc_layer_2.v Line: 1
Info (12021): Found 1 design units, including 1 entities, in source file approximate_full_adder.v
    Info (12023): Found entity 1: approximate_full_adder File: /home/tck290/engr-ece/CME433_lit_review/approximate_eight_bit_wallace_tree/one_adder_approximate/approximate_full_adder.v Line: 1
Info (12021): Found 1 design units, including 1 entities, in source file approx_eight_bit_wallace_tree_reduc_layer_1.v
    Info (12023): Found entity 1: one_approx_eight_bit_wallace_tree_reduc_layer_1 File: /home/tck290/engr-ece/CME433_lit_review/approximate_eight_bit_wallace_tree/one_adder_approximate/approx_eight_bit_wallace_tree_reduc_layer_1.v Line: 1
Info (12021): Found 1 design units, including 1 entities, in source file eight_bit_wallace_tree_reduc_layer_4.v
    Info (12023): Found entity 1: eight_bit_wallace_tree_reduc_layer_4 File: /home/tck290/engr-ece/CME433_lit_review/approximate_eight_bit_wallace_tree/one_adder_approximate/eight_bit_wallace_tree_reduc_layer_4.v Line: 1
Info (12021): Found 1 design units, including 1 entities, in source file one_bit_full_adder.v
    Info (12023): Found entity 1: one_bit_full_adder File: /home/tck290/engr-ece/CME433_lit_review/approximate_eight_bit_wallace_tree/one_adder_approximate/one_bit_full_adder.v Line: 1
Info (12021): Found 1 design units, including 1 entities, in source file one_bit_half_adder.v
    Info (12023): Found entity 1: one_bit_half_adder File: /home/tck290/engr-ece/CME433_lit_review/approximate_eight_bit_wallace_tree/one_adder_approximate/one_bit_half_adder.v Line: 1
Info (12021): Found 1 design units, including 1 entities, in source file eight_bit_wallace_tree_reduc_layer_5.v
    Info (12023): Found entity 1: eight_bit_wallace_tree_reduc_layer_5 File: /home/tck290/engr-ece/CME433_lit_review/approximate_eight_bit_wallace_tree/one_adder_approximate/eight_bit_wallace_tree_reduc_layer_5.v Line: 1
Info (12021): Found 1 design units, including 1 entities, in source file one_approx_eight_bit_wallace_tree.v
    Info (12023): Found entity 1: one_approx_eight_bit_wallace_tree File: /home/tck290/engr-ece/CME433_lit_review/approximate_eight_bit_wallace_tree/one_adder_approximate/one_approx_eight_bit_wallace_tree.v Line: 1
Info (12021): Found 1 design units, including 1 entities, in source file eight_bit_wallace_tree_reduc_layer_6.v
    Info (12023): Found entity 1: eight_bit_wallace_tree_reduc_layer_6 File: /home/tck290/engr-ece/CME433_lit_review/approximate_eight_bit_wallace_tree/one_adder_approximate/eight_bit_wallace_tree_reduc_layer_6.v Line: 1
Info (12127): Elaborating entity "one_approx_eight_bit_wallace_tree_top" for the top level hierarchy
Info (12128): Elaborating entity "one_approx_eight_bit_wallace_tree_reduc_layer_1" for hierarchy "one_approx_eight_bit_wallace_tree_reduc_layer_1:L1" File: /home/tck290/engr-ece/CME433_lit_review/approximate_eight_bit_wallace_tree/one_adder_approximate/one_approx_eight_bit_wallace_tree_top.v Line: 45
Info (12128): Elaborating entity "one_bit_half_adder" for hierarchy "one_approx_eight_bit_wallace_tree_reduc_layer_1:L1|one_bit_half_adder:HA_w2" File: /home/tck290/engr-ece/CME433_lit_review/approximate_eight_bit_wallace_tree/one_adder_approximate/approx_eight_bit_wallace_tree_reduc_layer_1.v Line: 22
Info (12128): Elaborating entity "approximate_full_adder" for hierarchy "one_approx_eight_bit_wallace_tree_reduc_layer_1:L1|approximate_full_adder:FA_w4" File: /home/tck290/engr-ece/CME433_lit_review/approximate_eight_bit_wallace_tree/one_adder_approximate/approx_eight_bit_wallace_tree_reduc_layer_1.v Line: 32
Info (12128): Elaborating entity "one_bit_full_adder" for hierarchy "one_approx_eight_bit_wallace_tree_reduc_layer_1:L1|one_bit_full_adder:FA_w8" File: /home/tck290/engr-ece/CME433_lit_review/approximate_eight_bit_wallace_tree/one_adder_approximate/approx_eight_bit_wallace_tree_reduc_layer_1.v Line: 42
Info (12128): Elaborating entity "eight_bit_wallace_tree_reduc_layer_2" for hierarchy "eight_bit_wallace_tree_reduc_layer_2:L2" File: /home/tck290/engr-ece/CME433_lit_review/approximate_eight_bit_wallace_tree/one_adder_approximate/one_approx_eight_bit_wallace_tree_top.v Line: 80
Info (12128): Elaborating entity "eight_bit_wallace_tree_reduc_layer_3" for hierarchy "eight_bit_wallace_tree_reduc_layer_3:L3" File: /home/tck290/engr-ece/CME433_lit_review/approximate_eight_bit_wallace_tree/one_adder_approximate/one_approx_eight_bit_wallace_tree_top.v Line: 112
Info (12128): Elaborating entity "eight_bit_wallace_tree_reduc_layer_4" for hierarchy "eight_bit_wallace_tree_reduc_layer_4:L4" File: /home/tck290/engr-ece/CME433_lit_review/approximate_eight_bit_wallace_tree/one_adder_approximate/one_approx_eight_bit_wallace_tree_top.v Line: 140
Info (12128): Elaborating entity "eight_bit_wallace_tree_reduc_layer_5" for hierarchy "eight_bit_wallace_tree_reduc_layer_5:L5" File: /home/tck290/engr-ece/CME433_lit_review/approximate_eight_bit_wallace_tree/one_adder_approximate/one_approx_eight_bit_wallace_tree_top.v Line: 164
Info (12128): Elaborating entity "eight_bit_wallace_tree_reduc_layer_6" for hierarchy "eight_bit_wallace_tree_reduc_layer_6:L6" File: /home/tck290/engr-ece/CME433_lit_review/approximate_eight_bit_wallace_tree/one_adder_approximate/one_approx_eight_bit_wallace_tree_top.v Line: 184
Info (12128): Elaborating entity "eight_bit_wallace_tree_reduc_layer_7" for hierarchy "eight_bit_wallace_tree_reduc_layer_7:L7" File: /home/tck290/engr-ece/CME433_lit_review/approximate_eight_bit_wallace_tree/one_adder_approximate/one_approx_eight_bit_wallace_tree_top.v Line: 197
Info (286030): Timing-Driven Synthesis is running
Info (16010): Generating hard_block partition "hard_block:auto_generated_inst"
    Info (16011): Adding 0 node(s), including 0 DDIO, 0 PLL, 0 transceiver and 0 LCELL
Info (21057): Implemented 175 device resources after synthesis - the final resource count might be different
    Info (21058): Implemented 17 input pins
    Info (21059): Implemented 16 output pins
    Info (21061): Implemented 142 logic cells
Info: Quartus Prime Analysis & Synthesis was successful. 0 errors, 1 warning
    Info: Peak virtual memory: 1074 megabytes
    Info: Processing ended: Wed Nov  6 22:27:30 2019
    Info: Elapsed time: 00:00:14
    Info: Total CPU time (on all processors): 00:00:31


