Flow report for one_adder_approximate
Wed Nov  6 22:28:07 2019
Quartus Prime Version 18.1.0 Build 625 09/12/2018 SJ Standard Edition


---------------------
; Table of Contents ;
---------------------
  1. Legal Notice
  2. Flow Summary
  3. Flow Settings
  4. Flow Non-Default Global Settings
  5. Flow Elapsed Time
  6. Flow OS Summary
  7. Flow Log
  8. Flow Messages
  9. Flow Suppressed Messages



----------------
; Legal Notice ;
----------------
Copyright (C) 2018  Intel Corporation. All rights reserved.
Your use of Intel Corporation's design tools, logic functions 
and other software and tools, and its AMPP partner logic 
functions, and any output files from any of the foregoing 
(including device programming or simulation files), and any 
associated documentation or information are expressly subject 
to the terms and conditions of the Intel Program License 
Subscription Agreement, the Intel Quartus Prime License Agreement,
the Intel FPGA IP License Agreement, or other applicable license
agreement, including, without limitation, that your use is for
the sole purpose of programming logic devices manufactured by
Intel and sold by Intel or its authorized distributors.  Please
refer to the applicable agreement for further details.



+--------------------------------------------------------------------------------------+
; Flow Summary                                                                         ;
+------------------------------------+-------------------------------------------------+
; Flow Status                        ; Successful - Wed Nov  6 22:28:07 2019           ;
; Quartus Prime Version              ; 18.1.0 Build 625 09/12/2018 SJ Standard Edition ;
; Revision Name                      ; one_adder_approximate                           ;
; Top-level Entity Name              ; one_approx_eight_bit_wallace_tree_top           ;
; Family                             ; Cyclone IV E                                    ;
; Device                             ; EP4CE115F29C7                                   ;
; Timing Models                      ; Final                                           ;
; Total logic elements               ; 130 / 114,480 ( < 1 % )                         ;
;     Total combinational functions  ; 126 / 114,480 ( < 1 % )                         ;
;     Dedicated logic registers      ; 32 / 114,480 ( < 1 % )                          ;
; Total registers                    ; 32                                              ;
; Total pins                         ; 33 / 529 ( 6 % )                                ;
; Total virtual pins                 ; 0                                               ;
; Total memory bits                  ; 0 / 3,981,312 ( 0 % )                           ;
; Embedded Multiplier 9-bit elements ; 0 / 532 ( 0 % )                                 ;
; Total PLLs                         ; 0 / 4 ( 0 % )                                   ;
+------------------------------------+-------------------------------------------------+


+-------------------------------------------+
; Flow Settings                             ;
+-------------------+-----------------------+
; Option            ; Setting               ;
+-------------------+-----------------------+
; Start date & time ; 11/06/2019 22:27:16   ;
; Main task         ; Compilation           ;
; Revision Name     ; one_adder_approximate ;
+-------------------+-----------------------+


+---------------------------------------------------------------------------------------------------------------------------------------------------------------+
; Flow Non-Default Global Settings                                                                                                                              ;
+-------------------------------------+----------------------------------------+-----------------------+---------------------------------------+----------------+
; Assignment Name                     ; Value                                  ; Default Value         ; Entity Name                           ; Section Id     ;
+-------------------------------------+----------------------------------------+-----------------------+---------------------------------------+----------------+
; COMPILER_SIGNATURE_ID               ; 345046515779.157310083615645           ; --                    ; --                                    ; --             ;
; EDA_OUTPUT_DATA_FORMAT              ; Verilog Hdl                            ; --                    ; --                                    ; eda_simulation ;
; EDA_SIMULATION_TOOL                 ; ModelSim-Altera (Verilog)              ; <None>                ; --                                    ; --             ;
; EDA_TIME_SCALE                      ; 1 ps                                   ; --                    ; --                                    ; eda_simulation ;
; MAX_CORE_JUNCTION_TEMP              ; 85                                     ; --                    ; --                                    ; --             ;
; MIN_CORE_JUNCTION_TEMP              ; 0                                      ; --                    ; --                                    ; --             ;
; NOMINAL_CORE_SUPPLY_VOLTAGE         ; 1.2V                                   ; --                    ; --                                    ; --             ;
; PARTITION_COLOR                     ; -- (Not supported for targeted family) ; --                    ; one_approx_eight_bit_wallace_tree_top ; Top            ;
; PARTITION_FITTER_PRESERVATION_LEVEL ; -- (Not supported for targeted family) ; --                    ; one_approx_eight_bit_wallace_tree_top ; Top            ;
; PARTITION_NETLIST_TYPE              ; -- (Not supported for targeted family) ; --                    ; one_approx_eight_bit_wallace_tree_top ; Top            ;
; POWER_BOARD_THERMAL_MODEL           ; None (CONSERVATIVE)                    ; --                    ; --                                    ; --             ;
; POWER_PRESET_COOLING_SOLUTION       ; 23 MM HEAT SINK WITH 200 LFPM AIRFLOW  ; --                    ; --                                    ; --             ;
; PROJECT_OUTPUT_DIRECTORY            ; output_files                           ; --                    ; --                                    ; --             ;
; TOP_LEVEL_ENTITY                    ; one_approx_eight_bit_wallace_tree_top  ; one_adder_approximate ; --                                    ; --             ;
+-------------------------------------+----------------------------------------+-----------------------+---------------------------------------+----------------+


+--------------------------------------------------------------------------------------------------------------------------+
; Flow Elapsed Time                                                                                                        ;
+----------------------+--------------+-------------------------+---------------------+------------------------------------+
; Module Name          ; Elapsed Time ; Average Processors Used ; Peak Virtual Memory ; Total CPU Time (on all processors) ;
+----------------------+--------------+-------------------------+---------------------+------------------------------------+
; Analysis & Synthesis ; 00:00:14     ; 1.0                     ; 1025 MB             ; 00:00:31                           ;
; Fitter               ; 00:00:24     ; 1.0                     ; 1563 MB             ; 00:00:29                           ;
; Assembler            ; 00:00:04     ; 1.0                     ; 932 MB              ; 00:00:03                           ;
; Timing Analyzer      ; 00:00:03     ; 1.0                     ; 1002 MB             ; 00:00:02                           ;
; EDA Netlist Writer   ; 00:00:01     ; 1.0                     ; 1170 MB             ; 00:00:01                           ;
; Total                ; 00:00:46     ; --                      ; --                  ; 00:01:06                           ;
+----------------------+--------------+-------------------------+---------------------+------------------------------------+


+---------------------------------------------------------------------------------+
; Flow OS Summary                                                                 ;
+----------------------+------------------+---------+------------+----------------+
; Module Name          ; Machine Hostname ; OS Name ; OS Version ; Processor type ;
+----------------------+------------------+---------+------------+----------------+
; Analysis & Synthesis ; engr-tau-19L     ; Red Hat ; Red Hat    ; x86_64         ;
; Fitter               ; engr-tau-19L     ; Red Hat ; Red Hat    ; x86_64         ;
; Assembler            ; engr-tau-19L     ; Red Hat ; Red Hat    ; x86_64         ;
; Timing Analyzer      ; engr-tau-19L     ; Red Hat ; Red Hat    ; x86_64         ;
; EDA Netlist Writer   ; engr-tau-19L     ; Red Hat ; Red Hat    ; x86_64         ;
+----------------------+------------------+---------+------------+----------------+


------------
; Flow Log ;
------------
quartus_map --read_settings_files=on --write_settings_files=off one_adder_approximate -c one_adder_approximate
quartus_fit --read_settings_files=off --write_settings_files=off one_adder_approximate -c one_adder_approximate
quartus_asm --read_settings_files=off --write_settings_files=off one_adder_approximate -c one_adder_approximate
quartus_sta one_adder_approximate -c one_adder_approximate
quartus_eda --read_settings_files=off --write_settings_files=off one_adder_approximate -c one_adder_approximate



